Exports/launcher/build/intermediates/manifest_merge_blame_file/debug/manifest-merger-blame-debug-report.txt
1<?xml version="1.0" encoding="utf-8"?>
2<!-- GENERATED BY UNITY. REMOVE THIS COMMENT TO PREVENT OVERWRITING WHEN EXPORTING AGAIN -->
3<manifest xmlns:android="http://schemas.android.com/apk/res/android"
4    package="com.DefaultCompany.CastleChess"
5    android:installLocation="preferExternal"
6    android:versionCode="1"
7    android:versionName="0.1" >
8
9    <uses-sdk
10        android:minSdkVersion="19"
10-->src\main\AndroidManifest.xml
11        android:targetSdkVersion="28" />
11-->src\main\AndroidManifest.xml
12
13    <supports-screens
13-->src\main\AndroidManifest.xml:4:3-163
14        android:anyDensity="true"
14-->src\main\AndroidManifest.xml:4:135-160
15        android:largeScreens="true"
15-->src\main\AndroidManifest.xml:4:78-105
16        android:normalScreens="true"
16-->src\main\AndroidManifest.xml:4:49-77
17        android:smallScreens="true"
17-->src\main\AndroidManifest.xml:4:21-48
18        android:xlargeScreens="true" />
18-->src\main\AndroidManifest.xml:4:106-134
19
20    <uses-permission android:name="android.permission.FOREGROUND_SERVICE" />
20-->[:unityLibrary] AndroidManifest.xml:13:5-77
20-->[:unityLibrary] AndroidManifest.xml:13:22-74
21
22    <uses-feature android:glEsVersion="0x00030000" />
22-->[:unityLibrary] AndroidManifest.xml:15:5-54
22-->[:unityLibrary] AndroidManifest.xml:15:19-51
23    <uses-feature
23-->[:unityLibrary] AndroidManifest.xml:16:5-18:36
24        android:name="android.hardware.vulkan.version"
24-->[:unityLibrary] AndroidManifest.xml:17:9-55
25        android:required="false" />
25-->[:unityLibrary] AndroidManifest.xml:18:9-33
26    <uses-feature
26-->[:unityLibrary] AndroidManifest.xml:19:5-21:36
27        android:name="android.hardware.sensor.accelerometer"
27-->[:unityLibrary] AndroidManifest.xml:20:9-61
28        android:required="false" />
28-->[:unityLibrary] AndroidManifest.xml:21:9-33
29    <uses-feature
29-->[:unityLibrary] AndroidManifest.xml:22:5-24:36
30        android:name="android.hardware.touchscreen"
30-->[:unityLibrary] AndroidManifest.xml:23:9-52
31        android:required="false" />
31-->[:unityLibrary] AndroidManifest.xml:24:9-33
32    <uses-feature
32-->[:unityLibrary] AndroidManifest.xml:25:5-27:36
33        android:name="android.hardware.touchscreen.multitouch"
33-->[:unityLibrary] AndroidManifest.xml:26:9-63
34        android:required="false" />
34-->[:unityLibrary] AndroidManifest.xml:27:9-33
35    <uses-feature
35-->[:unityLibrary] AndroidManifest.xml:28:5-30:36
36        android:name="android.hardware.touchscreen.multitouch.distinct"
36-->[:unityLibrary] AndroidManifest.xml:29:9-72
37        android:required="false" />
37-->[:unityLibrary] AndroidManifest.xml:30:9-33
38
39    <application
39-->src\main\AndroidManifest.xml:5:3-83
40        android:debuggable="true"
41        android:icon="@mipmap/app_icon"
41-->src\main\AndroidManifest.xml:5:49-80
42        android:label="@string/app_name"
42-->src\main\AndroidManifest.xml:5:16-48
43        android:testOnly="true" >
44        <activity
44-->[:unityLibrary] AndroidManifest.xml:33:9-55:20
45            android:name="com.unity3d.player.UnityPlayerActivity"
45-->[:unityLibrary] AndroidManifest.xml:34:13-66
46            android:configChanges="mcc|mnc|locale|touchscreen|keyboard|keyboardHidden|navigation|orientation|screenLayout|uiMode|screenSize|smallestScreenSize|fontScale|layoutDirection|density"
46-->[:unityLibrary] AndroidManifest.xml:35:13-194
47            android:hardwareAccelerated="false"
47-->[:unityLibrary] AndroidManifest.xml:36:13-48
48            android:launchMode="singleTask"
48-->[:unityLibrary] AndroidManifest.xml:37:13-44
49            android:screenOrientation="portrait"
49-->[:unityLibrary] AndroidManifest.xml:38:13-49
50            android:theme="@style/UnityThemeSelector" >
50-->[:unityLibrary] AndroidManifest.xml:39:13-54
51            <intent-filter>
51-->[:unityLibrary] AndroidManifest.xml:40:13-44:29
52                <action android:name="android.intent.action.MAIN" />
52-->[:unityLibrary] AndroidManifest.xml:41:17-69
52-->[:unityLibrary] AndroidManifest.xml:41:25-66
53
54                <category android:name="android.intent.category.LAUNCHER" />
54-->[:unityLibrary] AndroidManifest.xml:43:17-77
54-->[:unityLibrary] AndroidManifest.xml:43:27-74
55            </intent-filter>
56
57            <meta-data
57-->[:unityLibrary] AndroidManifest.xml:46:13-48:40
58                android:name="unityplayer.UnityActivity"
58-->[:unityLibrary] AndroidManifest.xml:47:17-57
59                android:value="true" />
59-->[:unityLibrary] AndroidManifest.xml:48:17-37
60            <meta-data
60-->[:unityLibrary] AndroidManifest.xml:49:13-51:40
61                android:name="android.notch_support"
61-->[:unityLibrary] AndroidManifest.xml:50:17-53
62                android:value="true" />
62-->[:unityLibrary] AndroidManifest.xml:51:17-37
63            <meta-data
63-->[:unityLibrary] AndroidManifest.xml:49:13-51:40
64                android:name="android.notch_support"
64-->[:unityLibrary] AndroidManifest.xml:50:17-53
65                android:value="true" />
65-->[:unityLibrary] AndroidManifest.xml:51:17-37
66        </activity>
67
68        <meta-data
68-->[:unityLibrary] AndroidManifest.xml:57:9-59:33
69            android:name="unity.splash-mode"
69-->[:unityLibrary] AndroidManifest.xml:58:13-45
70            android:value="0" />
70-->[:unityLibrary] AndroidManifest.xml:59:13-30
71        <meta-data
71-->[:unityLibrary] AndroidManifest.xml:60:9-62:36
72            android:name="unity.splash-enable"
72-->[:unityLibrary] AndroidManifest.xml:61:13-47
73            android:value="True" />
73-->[:unityLibrary] AndroidManifest.xml:62:13-33
74        <meta-data
74-->[:unityLibrary] AndroidManifest.xml:63:9-65:50
75            android:name="notch.config"
75-->[:unityLibrary] AndroidManifest.xml:64:13-40
76            android:value="portrait|landscape" />
76-->[:unityLibrary] AndroidManifest.xml:65:13-47
77        <meta-data
77-->[:unityLibrary] AndroidManifest.xml:66:9-68:68
78            android:name="unity.build-id"
78-->[:unityLibrary] AndroidManifest.xml:67:13-42
79            android:value="5eeaa98d-0d0f-486b-b955-8c350ef4a54e" />
79-->[:unityLibrary] AndroidManifest.xml:68:13-65
80
81        <service
81-->[:unityLibrary] AndroidManifest.xml:70:9-73:40
82            android:name="com.example.bgcountlibrary.MyService"
82-->[:unityLibrary] AndroidManifest.xml:71:13-64
83            android:enabled="true"
83-->[:unityLibrary] AndroidManifest.xml:72:13-35
84            android:exported="false" />
84-->[:unityLibrary] AndroidManifest.xml:73:13-37
85
86        <receiver android:name="com.example.bgcountlibrary.ResponseBroadcastReceiver" />
86-->[:unityLibrary] AndroidManifest.xml:75:9-89
86-->[:unityLibrary] AndroidManifest.xml:75:19-86
87    </application>
88
89</manifest>